<?xml version="1.0" encoding="UTF-8"?>
<testng-results skipped="0" failed="0" ignored="0" total="1" passed="1">
  <reporter-output>
  </reporter-output>
  <suite name="Default suite" duration-ms="1555" started-at="2022-08-18T17:41:23Z" finished-at="2022-08-18T17:41:25Z">
    <groups>
    </groups>
    <test name="Default test" duration-ms="1555" started-at="2022-08-18T17:41:23Z" finished-at="2022-08-18T17:41:25Z">
      <class name="testCases.ReadOneProduct">
        <test-method status="PASS" signature="readOneProduct()[pri:0, instance:testCases.ReadOneProduct@78aab498]" name="readOneProduct" duration-ms="1536" started-at="2022-08-18T17:41:23Z" finished-at="2022-08-18T17:41:25Z">
          <reporter-output>
          </reporter-output>
        </test-method> <!-- readOneProduct -->
      </class> <!-- testCases.ReadOneProduct -->
    </test> <!-- Default test -->
  </suite> <!-- Default suite -->
</testng-results>
